Deployed at Fri Sep  6 02:28:07 UTC 2024\n
Deployed at Sat Sep  7 02:27:06 UTC 2024\n
Deployed at Sun Sep  8 02:30:13 UTC 2024\n
Deployed at Mon Sep  9 02:29:42 UTC 2024\n
Deployed at Tue Sep 10 02:28:43 UTC 2024\n
Deployed at Wed Sep 11 02:28:00 UTC 2024\n
Deployed at Thu Sep 12 02:28:21 UTC 2024\n
Deployed at Fri Sep 13 02:28:53 UTC 2024\n
Deployed at Sat Sep 14 02:27:43 UTC 2024\n
Deployed at Sun Sep 15 02:33:38 UTC 2024\n
Deployed at Mon Sep 16 02:34:17 UTC 2024\n
Deployed at Tue Sep 17 02:16:13 UTC 2024\n
Deployed at Wed Sep 18 02:28:41 UTC 2024\n
Deployed at Thu Sep 19 02:29:40 UTC 2024\n
Deployed at Fri Sep 20 02:29:44 UTC 2024\n
Deployed at Sat Sep 21 02:28:21 UTC 2024\n
Deployed at Sun Sep 22 02:34:24 UTC 2024\n
Deployed at Mon Sep 23 02:31:59 UTC 2024\n
Deployed at Tue Sep 24 02:31:59 UTC 2024\n
Deployed at Wed Sep 25 02:32:54 UTC 2024\n
Deployed at Thu Sep 26 02:31:30 UTC 2024\n
Deployed at Fri Sep 27 02:32:21 UTC 2024\n
Deployed at Sat Sep 28 02:30:13 UTC 2024\n
Deployed at Sun Sep 29 02:35:33 UTC 2024\n
